<?xml version="1.0" encoding="UTF-8"?>
<!-- Generated by org.testng.reporters.JUnitReportReporter -->
<testsuite skipped="0" hostname="DESKTOP-JBBDAF7" name="com.testcase.TEST_CASE_VIDEO_GAME_API" tests="5" failures="0" timestamp="17 Dec 2022 08:45:44 GMT" time="4.329" errors="0">
  <testcase name="test_GetAllVideoGames" time="2.693" classname="com.testcase.TEST_CASE_VIDEO_GAME_API"/>
  <testcase name="test_addNewVideoGame" time="0.575" classname="com.testcase.TEST_CASE_VIDEO_GAME_API"/>
  <testcase name="test_getVideoGame" time="0.924" classname="com.testcase.TEST_CASE_VIDEO_GAME_API"/>
  <testcase name="test_UpdateVideoGame" time="0.081" classname="com.testcase.TEST_CASE_VIDEO_GAME_API"/>
  <testcase name="test_DeleteVideoGame" time="0.056" classname="com.testcase.TEST_CASE_VIDEO_GAME_API"/>
</testsuite> <!-- com.testcase.TEST_CASE_VIDEO_GAME_API -->
